*** Starting uWSGI 2.0.20 (64bit) on [Mon Dec 13 22:30:28 2021] ***
compiled with version: 4.8.5 20150623 (Red Hat 4.8.5-44) on 13 December 2021 13:35:57
os: Linux-3.10.0-1160.11.1.el7.x86_64 #1 SMP Fri Dec 18 16:34:56 UTC 2020
nodename: VM-16-2-centos
machine: x86_64
clock source: unix
pcre jit disabled
detected number of CPU cores: 2
current working directory: /root/graph_flask
writing pidfile to uwsgi.pid
detected binary path: /root/.virtualenvs/py3-env/bin/uwsgi
uWSGI running as root, you can use --uid/--gid/--chroot options
*** WARNING: you are running uWSGI as root !!! (use the --uid flag) *** 
chdir() to /root/graph_flask
your processes number limit is 15066
your memory page size is 4096 bytes
detected max file descriptor number: 100001
lock engine: pthread robust mutexes
thunder lock: disabled (you can enable it with --thunder-lock)
uwsgi socket 0 bound to TCP address 0.0.0.0:8000 fd 3
uWSGI running as root, you can use --uid/--gid/--chroot options
*** WARNING: you are running uWSGI as root !!! (use the --uid flag) *** 
Python version: 3.6.8 (default, Nov 16 2020, 16:55:22)  [GCC 4.8.5 20150623 (Red Hat 4.8.5-44)]
Python main interpreter initialized at 0x2643fc0
uWSGI running as root, you can use --uid/--gid/--chroot options
*** WARNING: you are running uWSGI as root !!! (use the --uid flag) *** 
python threads support enabled
your server socket listen backlog is limited to 100 connections
your mercy for graceful operations on workers is 60 seconds
mapped 835120 bytes (815 KB) for 40 cores
*** Operational MODE: preforking+threaded ***
*** no app loaded. going in full dynamic mode ***
uWSGI running as root, you can use --uid/--gid/--chroot options
*** WARNING: you are running uWSGI as root !!! (use the --uid flag) *** 
*** uWSGI is running in multiple interpreter mode ***
spawned uWSGI master process (pid: 31251)
spawned uWSGI worker 1 (pid: 31252, cores: 10)
spawned uWSGI worker 2 (pid: 31253, cores: 10)
spawned uWSGI worker 3 (pid: 31254, cores: 10)
spawned uWSGI worker 4 (pid: 31255, cores: 10)
SIGINT/SIGTERM received...killing workers...
worker 1 buried after 1 seconds
worker 2 buried after 1 seconds
worker 3 buried after 1 seconds
worker 4 buried after 1 seconds
goodbye to uWSGI.
*** Starting uWSGI 2.0.20 (64bit) on [Tue Dec 14 11:56:33 2021] ***
compiled with version: 4.8.5 20150623 (Red Hat 4.8.5-44) on 13 December 2021 13:35:57
os: Linux-3.10.0-1160.11.1.el7.x86_64 #1 SMP Fri Dec 18 16:34:56 UTC 2020
nodename: VM-16-2-centos
machine: x86_64
clock source: unix
pcre jit disabled
detected number of CPU cores: 2
current working directory: /root/graph_flask
writing pidfile to uwsgi.pid
detected binary path: /root/.virtualenvs/py3-env/bin/uwsgi
uWSGI running as root, you can use --uid/--gid/--chroot options
*** WARNING: you are running uWSGI as root !!! (use the --uid flag) *** 
chdir() to /root/graph_flask
your processes number limit is 15066
your memory page size is 4096 bytes
detected max file descriptor number: 100001
lock engine: pthread robust mutexes
thunder lock: disabled (you can enable it with --thunder-lock)
uwsgi socket 0 bound to TCP address 0.0.0.0:8000 fd 3
uWSGI running as root, you can use --uid/--gid/--chroot options
*** WARNING: you are running uWSGI as root !!! (use the --uid flag) *** 
Python version: 3.6.8 (default, Nov 16 2020, 16:55:22)  [GCC 4.8.5 20150623 (Red Hat 4.8.5-44)]
Python main interpreter initialized at 0x14abf70
uWSGI running as root, you can use --uid/--gid/--chroot options
*** WARNING: you are running uWSGI as root !!! (use the --uid flag) *** 
python threads support enabled
your server socket listen backlog is limited to 100 connections
your mercy for graceful operations on workers is 60 seconds
mapped 835120 bytes (815 KB) for 40 cores
*** Operational MODE: preforking+threaded ***
*** no app loaded. going in full dynamic mode ***
uWSGI running as root, you can use --uid/--gid/--chroot options
*** WARNING: you are running uWSGI as root !!! (use the --uid flag) *** 
*** uWSGI is running in multiple interpreter mode ***
spawned uWSGI master process (pid: 22538)
spawned uWSGI worker 1 (pid: 22539, cores: 10)
spawned uWSGI worker 2 (pid: 22540, cores: 10)
spawned uWSGI worker 3 (pid: 22541, cores: 10)
spawned uWSGI worker 4 (pid: 22542, cores: 10)
SIGINT/SIGTERM received...killing workers...
worker 1 buried after 1 seconds
worker 2 buried after 1 seconds
worker 3 buried after 1 seconds
worker 4 buried after 1 seconds
goodbye to uWSGI.
*** Starting uWSGI 2.0.20 (64bit) on [Tue Dec 14 12:01:42 2021] ***
compiled with version: 4.8.5 20150623 (Red Hat 4.8.5-44) on 13 December 2021 13:35:57
os: Linux-3.10.0-1160.11.1.el7.x86_64 #1 SMP Fri Dec 18 16:34:56 UTC 2020
nodename: VM-16-2-centos
machine: x86_64
clock source: unix
pcre jit disabled
detected number of CPU cores: 2
current working directory: /root/graph_flask
writing pidfile to uwsgi.pid
detected binary path: /root/.virtualenvs/py3-env/bin/uwsgi
uWSGI running as root, you can use --uid/--gid/--chroot options
*** WARNING: you are running uWSGI as root !!! (use the --uid flag) *** 
chdir() to /root/graph_flask
your processes number limit is 15066
your memory page size is 4096 bytes
detected max file descriptor number: 100001
lock engine: pthread robust mutexes
thunder lock: disabled (you can enable it with --thunder-lock)
uwsgi socket 0 bound to TCP address 0.0.0.0:8080 fd 3
uWSGI running as root, you can use --uid/--gid/--chroot options
*** WARNING: you are running uWSGI as root !!! (use the --uid flag) *** 
Python version: 3.6.8 (default, Nov 16 2020, 16:55:22)  [GCC 4.8.5 20150623 (Red Hat 4.8.5-44)]
Python main interpreter initialized at 0x18dbf70
uWSGI running as root, you can use --uid/--gid/--chroot options
*** WARNING: you are running uWSGI as root !!! (use the --uid flag) *** 
python threads support enabled
your server socket listen backlog is limited to 100 connections
your mercy for graceful operations on workers is 60 seconds
mapped 835120 bytes (815 KB) for 40 cores
*** Operational MODE: preforking+threaded ***
*** no app loaded. going in full dynamic mode ***
uWSGI running as root, you can use --uid/--gid/--chroot options
*** WARNING: you are running uWSGI as root !!! (use the --uid flag) *** 
*** uWSGI is running in multiple interpreter mode ***
spawned uWSGI master process (pid: 23569)
spawned uWSGI worker 1 (pid: 23570, cores: 10)
spawned uWSGI worker 2 (pid: 23571, cores: 10)
spawned uWSGI worker 3 (pid: 23572, cores: 10)
spawned uWSGI worker 4 (pid: 23573, cores: 10)
invalid request block size: 21584 (max 4096)...skip
invalid request block size: 21584 (max 4096)...skip
invalid request block size: 21584 (max 4096)...skip
invalid request block size: 21584 (max 4096)...skip
--- no python application found, check your startup logs for errors ---
[pid: 23572|app: -1|req: -1/1] 120.224.66.44 () {48 vars in 766 bytes} [Tue Dec 14 12:02:31 2021] OPTIONS /api/login => generated 21 bytes in 0 msecs (HTTP/1.1 500) 2 headers in 83 bytes (0 switches on core 1)
invalid request block size: 21573 (max 4096)...skip
--- no python application found, check your startup logs for errors ---
[pid: 23572|app: -1|req: -1/2] 120.224.66.44 () {48 vars in 767 bytes} [Tue Dec 14 12:04:44 2021] OPTIONS /api/login => generated 21 bytes in 0 msecs (HTTP/1.1 500) 2 headers in 83 bytes (0 switches on core 3)
invalid request block size: 65524 (max 4096)...skip
--- no python application found, check your startup logs for errors ---
[pid: 23573|app: -1|req: -1/3] 120.224.66.44 () {48 vars in 767 bytes} [Tue Dec 14 12:14:21 2021] OPTIONS /api/login => generated 21 bytes in 0 msecs (HTTP/1.1 500) 2 headers in 83 bytes (0 switches on core 6)
--- no python application found, check your startup logs for errors ---
[pid: 23573|app: -1|req: -1/4] 120.224.66.44 () {48 vars in 767 bytes} [Tue Dec 14 12:14:24 2021] OPTIONS /api/login => generated 21 bytes in 0 msecs (HTTP/1.1 500) 2 headers in 83 bytes (0 switches on core 8)
--- no python application found, check your startup logs for errors ---
[pid: 23572|app: -1|req: -1/5] 120.224.66.44 () {48 vars in 767 bytes} [Tue Dec 14 12:14:26 2021] OPTIONS /api/login => generated 21 bytes in 0 msecs (HTTP/1.1 500) 2 headers in 83 bytes (0 switches on core 4)
invalid request block size: 21573 (max 4096)...skip
--- no python application found, check your startup logs for errors ---
[pid: 23573|app: -1|req: -1/6] 120.224.66.44 () {48 vars in 767 bytes} [Tue Dec 14 12:15:55 2021] OPTIONS /api/login => generated 21 bytes in 0 msecs (HTTP/1.1 500) 2 headers in 83 bytes (0 switches on core 7)
--- no python application found, check your startup logs for errors ---
[pid: 23572|app: -1|req: -1/7] 120.224.66.44 () {48 vars in 767 bytes} [Tue Dec 14 12:17:13 2021] OPTIONS /api/login => generated 21 bytes in 0 msecs (HTTP/1.1 500) 2 headers in 83 bytes (0 switches on core 4)
--- no python application found, check your startup logs for errors ---
[pid: 23572|app: -1|req: -1/8] 120.224.66.44 () {48 vars in 767 bytes} [Tue Dec 14 12:17:17 2021] OPTIONS /api/login => generated 21 bytes in 0 msecs (HTTP/1.1 500) 2 headers in 83 bytes (0 switches on core 8)
--- no python application found, check your startup logs for errors ---
[pid: 23572|app: -1|req: -1/9] 120.224.66.44 () {48 vars in 767 bytes} [Tue Dec 14 12:18:30 2021] OPTIONS /api/login => generated 21 bytes in 0 msecs (HTTP/1.1 500) 2 headers in 83 bytes (0 switches on core 9)
--- no python application found, check your startup logs for errors ---
[pid: 23572|app: -1|req: -1/10] 120.224.66.44 () {48 vars in 767 bytes} [Tue Dec 14 12:20:44 2021] OPTIONS /api/login => generated 21 bytes in 0 msecs (HTTP/1.1 500) 2 headers in 83 bytes (0 switches on core 5)
--- no python application found, check your startup logs for errors ---
[pid: 23572|app: -1|req: -1/11] 120.224.66.44 () {48 vars in 767 bytes} [Tue Dec 14 12:20:45 2021] OPTIONS /api/login => generated 21 bytes in 0 msecs (HTTP/1.1 500) 2 headers in 83 bytes (0 switches on core 0)
--- no python application found, check your startup logs for errors ---
[pid: 23572|app: -1|req: -1/12] 120.224.66.44 () {48 vars in 767 bytes} [Tue Dec 14 12:20:45 2021] OPTIONS /api/login => generated 21 bytes in 0 msecs (HTTP/1.1 500) 2 headers in 83 bytes (0 switches on core 1)
--- no python application found, check your startup logs for errors ---
[pid: 23573|app: -1|req: -1/13] 120.224.66.44 () {48 vars in 767 bytes} [Tue Dec 14 12:20:46 2021] OPTIONS /api/login => generated 21 bytes in 0 msecs (HTTP/1.1 500) 2 headers in 83 bytes (0 switches on core 0)
--- no python application found, check your startup logs for errors ---
[pid: 23572|app: -1|req: -1/14] 120.224.66.44 () {48 vars in 767 bytes} [Tue Dec 14 12:20:46 2021] OPTIONS /api/login => generated 21 bytes in 0 msecs (HTTP/1.1 500) 2 headers in 83 bytes (0 switches on core 2)
--- no python application found, check your startup logs for errors ---
[pid: 23572|app: -1|req: -1/15] 120.224.66.44 () {48 vars in 767 bytes} [Tue Dec 14 12:20:46 2021] OPTIONS /api/login => generated 21 bytes in 0 msecs (HTTP/1.1 500) 2 headers in 83 bytes (0 switches on core 3)
--- no python application found, check your startup logs for errors ---
[pid: 23572|app: -1|req: -1/16] 120.224.66.44 () {48 vars in 767 bytes} [Tue Dec 14 12:20:46 2021] OPTIONS /api/login => generated 21 bytes in 0 msecs (HTTP/1.1 500) 2 headers in 83 bytes (0 switches on core 7)
--- no python application found, check your startup logs for errors ---
[pid: 23572|app: -1|req: -1/17] 120.224.66.44 () {48 vars in 767 bytes} [Tue Dec 14 12:20:46 2021] OPTIONS /api/login => generated 21 bytes in 0 msecs (HTTP/1.1 500) 2 headers in 83 bytes (0 switches on core 6)
--- no python application found, check your startup logs for errors ---
[pid: 23572|app: -1|req: -1/18] 120.224.66.44 () {48 vars in 767 bytes} [Tue Dec 14 12:20:49 2021] OPTIONS /api/login => generated 21 bytes in 0 msecs (HTTP/1.1 500) 2 headers in 83 bytes (0 switches on core 6)
--- no python application found, check your startup logs for errors ---
[pid: 23571|app: -1|req: -1/19] 120.224.66.44 () {48 vars in 767 bytes} [Tue Dec 14 12:20:50 2021] OPTIONS /api/login => generated 21 bytes in 0 msecs (HTTP/1.1 500) 2 headers in 83 bytes (0 switches on core 0)
--- no python application found, check your startup logs for errors ---
[pid: 23572|app: -1|req: -1/20] 120.224.66.44 () {48 vars in 767 bytes} [Tue Dec 14 12:20:50 2021] OPTIONS /api/login => generated 21 bytes in 0 msecs (HTTP/1.1 500) 2 headers in 83 bytes (0 switches on core 8)
--- no python application found, check your startup logs for errors ---
[pid: 23572|app: -1|req: -1/21] 120.224.66.44 () {48 vars in 767 bytes} [Tue Dec 14 12:20:50 2021] OPTIONS /api/login => generated 21 bytes in 0 msecs (HTTP/1.1 500) 2 headers in 83 bytes (0 switches on core 9)
--- no python application found, check your startup logs for errors ---
[pid: 23572|app: -1|req: -1/22] 120.224.66.44 () {48 vars in 767 bytes} [Tue Dec 14 12:20:51 2021] OPTIONS /api/login => generated 21 bytes in 0 msecs (HTTP/1.1 500) 2 headers in 83 bytes (0 switches on core 5)
--- no python application found, check your startup logs for errors ---
[pid: 23573|app: -1|req: -1/23] 120.224.66.44 () {48 vars in 767 bytes} [Tue Dec 14 12:20:51 2021] OPTIONS /api/login => generated 21 bytes in 0 msecs (HTTP/1.1 500) 2 headers in 83 bytes (0 switches on core 0)
--- no python application found, check your startup logs for errors ---
[pid: 23573|app: -1|req: -1/24] 120.224.66.44 () {48 vars in 767 bytes} [Tue Dec 14 12:20:51 2021] OPTIONS /api/login => generated 21 bytes in 0 msecs (HTTP/1.1 500) 2 headers in 83 bytes (0 switches on core 5)
--- no python application found, check your startup logs for errors ---
[pid: 23573|app: -1|req: -1/25] 120.224.66.44 () {48 vars in 767 bytes} [Tue Dec 14 12:20:51 2021] OPTIONS /api/login => generated 21 bytes in 0 msecs (HTTP/1.1 500) 2 headers in 83 bytes (0 switches on core 3)
--- no python application found, check your startup logs for errors ---
[pid: 23573|app: -1|req: -1/26] 120.224.66.44 () {48 vars in 767 bytes} [Tue Dec 14 12:21:45 2021] OPTIONS /api/login => generated 21 bytes in 0 msecs (HTTP/1.1 500) 2 headers in 83 bytes (0 switches on core 6)
--- no python application found, check your startup logs for errors ---
[pid: 23573|app: -1|req: -1/27] 120.224.66.44 () {48 vars in 767 bytes} [Tue Dec 14 12:21:49 2021] OPTIONS /api/login => generated 21 bytes in 0 msecs (HTTP/1.1 500) 2 headers in 83 bytes (0 switches on core 8)
--- no python application found, check your startup logs for errors ---
[pid: 23573|app: -1|req: -1/28] 120.224.66.44 () {48 vars in 767 bytes} [Tue Dec 14 12:21:50 2021] OPTIONS /api/login => generated 21 bytes in 0 msecs (HTTP/1.1 500) 2 headers in 83 bytes (0 switches on core 9)
--- no python application found, check your startup logs for errors ---
[pid: 23573|app: -1|req: -1/29] 120.224.66.44 () {48 vars in 767 bytes} [Tue Dec 14 12:21:57 2021] OPTIONS /api/login => generated 21 bytes in 0 msecs (HTTP/1.1 500) 2 headers in 83 bytes (0 switches on core 7)
--- no python application found, check your startup logs for errors ---
[pid: 23573|app: -1|req: -1/30] 120.224.66.44 () {48 vars in 767 bytes} [Tue Dec 14 12:24:37 2021] OPTIONS /api/login => generated 21 bytes in 0 msecs (HTTP/1.1 500) 2 headers in 83 bytes (0 switches on core 1)
--- no python application found, check your startup logs for errors ---
[pid: 23572|app: -1|req: -1/31] 120.224.66.44 () {48 vars in 767 bytes} [Tue Dec 14 12:27:24 2021] OPTIONS /api/login => generated 21 bytes in 0 msecs (HTTP/1.1 500) 2 headers in 83 bytes (0 switches on core 0)
--- no python application found, check your startup logs for errors ---
[pid: 23573|app: -1|req: -1/32] 120.224.66.44 () {48 vars in 767 bytes} [Tue Dec 14 12:27:38 2021] OPTIONS /api/login => generated 21 bytes in 0 msecs (HTTP/1.1 500) 2 headers in 83 bytes (0 switches on core 2)
invalid request block size: 21584 (max 4096)...skip
invalid request block size: 21584 (max 4096)...skip
invalid request block size: 21584 (max 4096)...skip
invalid request block size: 21584 (max 4096)...skip
SIGINT/SIGTERM received...killing workers...
worker 1 buried after 1 seconds
worker 2 buried after 1 seconds
worker 3 buried after 1 seconds
worker 4 buried after 1 seconds
goodbye to uWSGI.
*** Starting uWSGI 2.0.20 (64bit) on [Tue Dec 14 12:37:13 2021] ***
compiled with version: 4.8.5 20150623 (Red Hat 4.8.5-44) on 13 December 2021 13:35:57
os: Linux-3.10.0-1160.11.1.el7.x86_64 #1 SMP Fri Dec 18 16:34:56 UTC 2020
nodename: VM-16-2-centos
machine: x86_64
clock source: unix
pcre jit disabled
detected number of CPU cores: 2
current working directory: /root/graph_flask
writing pidfile to uwsgi.pid
detected binary path: /root/.virtualenvs/py3-env/bin/uwsgi
uWSGI running as root, you can use --uid/--gid/--chroot options
*** WARNING: you are running uWSGI as root !!! (use the --uid flag) *** 
chdir() to /root/graph_flask
your processes number limit is 15066
your memory page size is 4096 bytes
detected max file descriptor number: 100001
lock engine: pthread robust mutexes
thunder lock: disabled (you can enable it with --thunder-lock)
uwsgi socket 0 bound to TCP address 0.0.0.0:8080 fd 3
uWSGI running as root, you can use --uid/--gid/--chroot options
*** WARNING: you are running uWSGI as root !!! (use the --uid flag) *** 
Python version: 3.6.8 (default, Nov 16 2020, 16:55:22)  [GCC 4.8.5 20150623 (Red Hat 4.8.5-44)]
Python main interpreter initialized at 0x9c4fb0
uWSGI running as root, you can use --uid/--gid/--chroot options
*** WARNING: you are running uWSGI as root !!! (use the --uid flag) *** 
python threads support enabled
your server socket listen backlog is limited to 100 connections
your mercy for graceful operations on workers is 60 seconds
mapped 3907070 bytes (3815 KB) for 40 cores
*** Operational MODE: preforking+threaded ***
*** no app loaded. going in full dynamic mode ***
uWSGI running as root, you can use --uid/--gid/--chroot options
*** WARNING: you are running uWSGI as root !!! (use the --uid flag) *** 
*** uWSGI is running in multiple interpreter mode ***
spawned uWSGI master process (pid: 30539)
spawned uWSGI worker 1 (pid: 30540, cores: 10)
spawned uWSGI worker 2 (pid: 30541, cores: 10)
spawned uWSGI worker 3 (pid: 30542, cores: 10)
spawned uWSGI worker 4 (pid: 30543, cores: 10)
*** Starting uWSGI 2.0.20 (64bit) on [Tue Dec 14 12:38:33 2021] ***
compiled with version: 4.8.5 20150623 (Red Hat 4.8.5-44) on 13 December 2021 13:35:57
os: Linux-3.10.0-1160.11.1.el7.x86_64 #1 SMP Fri Dec 18 16:34:56 UTC 2020
nodename: VM-16-2-centos
machine: x86_64
clock source: unix
pcre jit disabled
detected number of CPU cores: 2
current working directory: /root/graph_flask
writing pidfile to uwsgi.pid
detected binary path: /root/.virtualenvs/py3-env/bin/uwsgi
uWSGI running as root, you can use --uid/--gid/--chroot options
*** WARNING: you are running uWSGI as root !!! (use the --uid flag) *** 
chdir() to /root/graph_flask
your processes number limit is 15066
your memory page size is 4096 bytes
detected max file descriptor number: 100001
lock engine: pthread robust mutexes
thunder lock: disabled (you can enable it with --thunder-lock)
probably another instance of uWSGI is running on the same address (0.0.0.0:8080).
bind(): Address already in use [core/socket.c line 769]
*** Starting uWSGI 2.0.20 (64bit) on [Tue Dec 14 12:42:21 2021] ***
compiled with version: 4.8.5 20150623 (Red Hat 4.8.5-44) on 13 December 2021 13:35:57
os: Linux-3.10.0-1160.11.1.el7.x86_64 #1 SMP Fri Dec 18 16:34:56 UTC 2020
nodename: VM-16-2-centos
machine: x86_64
clock source: unix
pcre jit disabled
detected number of CPU cores: 2
current working directory: /root/graph_flask
writing pidfile to uwsgi.pid
detected binary path: /root/.virtualenvs/py3-env/bin/uwsgi
uWSGI running as root, you can use --uid/--gid/--chroot options
*** WARNING: you are running uWSGI as root !!! (use the --uid flag) *** 
chdir() to /root/graph_flask
your processes number limit is 15066
your memory page size is 4096 bytes
detected max file descriptor number: 100001
lock engine: pthread robust mutexes
thunder lock: disabled (you can enable it with --thunder-lock)
probably another instance of uWSGI is running on the same address (0.0.0.0:8080).
bind(): Address already in use [core/socket.c line 769]
*** Starting uWSGI 2.0.20 (64bit) on [Tue Dec 14 12:43:27 2021] ***
compiled with version: 4.8.5 20150623 (Red Hat 4.8.5-44) on 13 December 2021 13:35:57
os: Linux-3.10.0-1160.11.1.el7.x86_64 #1 SMP Fri Dec 18 16:34:56 UTC 2020
nodename: VM-16-2-centos
machine: x86_64
clock source: unix
pcre jit disabled
detected number of CPU cores: 2
current working directory: /root/graph_flask
writing pidfile to uwsgi.pid
detected binary path: /root/.virtualenvs/py3-env/bin/uwsgi
uWSGI running as root, you can use --uid/--gid/--chroot options
*** WARNING: you are running uWSGI as root !!! (use the --uid flag) *** 
chdir() to /root/graph_flask
your processes number limit is 15066
your memory page size is 4096 bytes
detected max file descriptor number: 100001
lock engine: pthread robust mutexes
thunder lock: disabled (you can enable it with --thunder-lock)
uwsgi socket 0 bound to TCP address 0.0.0.0:8080 fd 3
uWSGI running as root, you can use --uid/--gid/--chroot options
*** WARNING: you are running uWSGI as root !!! (use the --uid flag) *** 
Python version: 3.6.8 (default, Nov 16 2020, 16:55:22)  [GCC 4.8.5 20150623 (Red Hat 4.8.5-44)]
Python main interpreter initialized at 0xd83f80
uWSGI running as root, you can use --uid/--gid/--chroot options
*** WARNING: you are running uWSGI as root !!! (use the --uid flag) *** 
python threads support enabled
your server socket listen backlog is limited to 100 connections
your mercy for graceful operations on workers is 60 seconds
mapped 835120 bytes (815 KB) for 40 cores
*** Operational MODE: preforking+threaded ***
*** no app loaded. going in full dynamic mode ***
uWSGI running as root, you can use --uid/--gid/--chroot options
*** WARNING: you are running uWSGI as root !!! (use the --uid flag) *** 
*** uWSGI is running in multiple interpreter mode ***
spawned uWSGI master process (pid: 31791)
spawned uWSGI worker 1 (pid: 31792, cores: 10)
spawned uWSGI worker 2 (pid: 31793, cores: 10)
spawned uWSGI worker 3 (pid: 31794, cores: 10)
spawned uWSGI worker 4 (pid: 31795, cores: 10)
invalid request block size: 21584 (max 4096)...skip
invalid request block size: 21584 (max 4096)...skip
invalid request block size: 21584 (max 4096)...skip
invalid request block size: 21584 (max 4096)...skip
SIGINT/SIGTERM received...killing workers...
worker 1 buried after 1 seconds
worker 2 buried after 1 seconds
worker 3 buried after 1 seconds
worker 4 buried after 1 seconds
goodbye to uWSGI.
*** Starting uWSGI 2.0.20 (64bit) on [Tue Dec 14 12:46:26 2021] ***
compiled with version: 4.8.5 20150623 (Red Hat 4.8.5-44) on 13 December 2021 13:35:57
os: Linux-3.10.0-1160.11.1.el7.x86_64 #1 SMP Fri Dec 18 16:34:56 UTC 2020
nodename: VM-16-2-centos
machine: x86_64
clock source: unix
pcre jit disabled
detected number of CPU cores: 2
current working directory: /root/graph_flask
writing pidfile to uwsgi.pid
detected binary path: /root/.virtualenvs/py3-env/bin/uwsgi
uWSGI running as root, you can use --uid/--gid/--chroot options
*** WARNING: you are running uWSGI as root !!! (use the --uid flag) *** 
chdir() to /root/graph_flask
your processes number limit is 15066
your memory page size is 4096 bytes
detected max file descriptor number: 100001
lock engine: pthread robust mutexes
thunder lock: disabled (you can enable it with --thunder-lock)
uwsgi socket 0 bound to TCP address 0.0.0.0:8080 fd 3
uWSGI running as root, you can use --uid/--gid/--chroot options
*** WARNING: you are running uWSGI as root !!! (use the --uid flag) *** 
Python version: 3.6.8 (default, Nov 16 2020, 16:55:22)  [GCC 4.8.5 20150623 (Red Hat 4.8.5-44)]
Python main interpreter initialized at 0xeff000
uWSGI running as root, you can use --uid/--gid/--chroot options
*** WARNING: you are running uWSGI as root !!! (use the --uid flag) *** 
python threads support enabled
your server socket listen backlog is limited to 100 connections
your mercy for graceful operations on workers is 60 seconds
mapped 1562828 bytes (1526 KB) for 10 cores
*** Operational MODE: threaded ***
*** no app loaded. going in full dynamic mode ***
uWSGI running as root, you can use --uid/--gid/--chroot options
*** WARNING: you are running uWSGI as root !!! (use the --uid flag) *** 
*** uWSGI is running in multiple interpreter mode ***
spawned uWSGI master process (pid: 32403)
spawned uWSGI worker 1 (pid: 32404, cores: 10)
Tue Dec 14 12:46:26 2021 - mem-collector thread started for worker 1
*** EVIL RELOAD ON WORKER 1 ADDRESS SPACE: 940875776 (pid: 32404) ***
DAMN ! worker 1 (pid: 32404) died, killed by signal 9 :( trying respawn ...
Respawned uWSGI worker 1 (new pid: 32425)
Tue Dec 14 12:46:30 2021 - mem-collector thread started for worker 1
*** EVIL RELOAD ON WORKER 1 ADDRESS SPACE: 940875776 (pid: 32425) ***
DAMN ! worker 1 (pid: 32425) died, killed by signal 9 :( trying respawn ...
Respawned uWSGI worker 1 (new pid: 32443)
Tue Dec 14 12:46:34 2021 - mem-collector thread started for worker 1
*** EVIL RELOAD ON WORKER 1 ADDRESS SPACE: 940875776 (pid: 32443) ***
DAMN ! worker 1 (pid: 32443) died, killed by signal 9 :( trying respawn ...
Respawned uWSGI worker 1 (new pid: 32473)
Tue Dec 14 12:46:38 2021 - mem-collector thread started for worker 1
*** EVIL RELOAD ON WORKER 1 ADDRESS SPACE: 940875776 (pid: 32473) ***
DAMN ! worker 1 (pid: 32473) died, killed by signal 9 :( trying respawn ...
Respawned uWSGI worker 1 (new pid: 32495)
Tue Dec 14 12:46:42 2021 - mem-collector thread started for worker 1
*** EVIL RELOAD ON WORKER 1 ADDRESS SPACE: 940875776 (pid: 32495) ***
DAMN ! worker 1 (pid: 32495) died, killed by signal 9 :( trying respawn ...
Respawned uWSGI worker 1 (new pid: 32507)
Tue Dec 14 12:46:46 2021 - mem-collector thread started for worker 1
*** EVIL RELOAD ON WORKER 1 ADDRESS SPACE: 940875776 (pid: 32507) ***
DAMN ! worker 1 (pid: 32507) died, killed by signal 9 :( trying respawn ...
Respawned uWSGI worker 1 (new pid: 32528)
Tue Dec 14 12:46:50 2021 - mem-collector thread started for worker 1
*** EVIL RELOAD ON WORKER 1 ADDRESS SPACE: 940875776 (pid: 32528) ***
DAMN ! worker 1 (pid: 32528) died, killed by signal 9 :( trying respawn ...
Respawned uWSGI worker 1 (new pid: 32554)
Tue Dec 14 12:46:54 2021 - mem-collector thread started for worker 1
*** EVIL RELOAD ON WORKER 1 ADDRESS SPACE: 940875776 (pid: 32554) ***
DAMN ! worker 1 (pid: 32554) died, killed by signal 9 :( trying respawn ...
Respawned uWSGI worker 1 (new pid: 32580)
Tue Dec 14 12:46:59 2021 - mem-collector thread started for worker 1
*** EVIL RELOAD ON WORKER 1 ADDRESS SPACE: 940875776 (pid: 32580) ***
DAMN ! worker 1 (pid: 32580) died, killed by signal 9 :( trying respawn ...
Respawned uWSGI worker 1 (new pid: 32654)
Tue Dec 14 12:47:04 2021 - mem-collector thread started for worker 1
*** EVIL RELOAD ON WORKER 1 ADDRESS SPACE: 940875776 (pid: 32654) ***
DAMN ! worker 1 (pid: 32654) died, killed by signal 9 :( trying respawn ...
Respawned uWSGI worker 1 (new pid: 32672)
Tue Dec 14 12:47:08 2021 - mem-collector thread started for worker 1
*** EVIL RELOAD ON WORKER 1 ADDRESS SPACE: 940875776 (pid: 32672) ***
DAMN ! worker 1 (pid: 32672) died, killed by signal 9 :( trying respawn ...
Respawned uWSGI worker 1 (new pid: 32696)
Tue Dec 14 12:47:12 2021 - mem-collector thread started for worker 1
*** EVIL RELOAD ON WORKER 1 ADDRESS SPACE: 940875776 (pid: 32696) ***
DAMN ! worker 1 (pid: 32696) died, killed by signal 9 :( trying respawn ...
Respawned uWSGI worker 1 (new pid: 32708)
Tue Dec 14 12:47:16 2021 - mem-collector thread started for worker 1
*** EVIL RELOAD ON WORKER 1 ADDRESS SPACE: 940875776 (pid: 32708) ***
DAMN ! worker 1 (pid: 32708) died, killed by signal 9 :( trying respawn ...
Respawned uWSGI worker 1 (new pid: 32729)
Tue Dec 14 12:47:20 2021 - mem-collector thread started for worker 1
*** EVIL RELOAD ON WORKER 1 ADDRESS SPACE: 940875776 (pid: 32729) ***
DAMN ! worker 1 (pid: 32729) died, killed by signal 9 :( trying respawn ...
Respawned uWSGI worker 1 (new pid: 32747)
Tue Dec 14 12:47:24 2021 - mem-collector thread started for worker 1
*** EVIL RELOAD ON WORKER 1 ADDRESS SPACE: 940875776 (pid: 32747) ***
DAMN ! worker 1 (pid: 32747) died, killed by signal 9 :( trying respawn ...
Respawned uWSGI worker 1 (new pid: 32763)
Tue Dec 14 12:47:29 2021 - mem-collector thread started for worker 1
*** EVIL RELOAD ON WORKER 1 ADDRESS SPACE: 940875776 (pid: 32763) ***
DAMN ! worker 1 (pid: 32763) died, killed by signal 9 :( trying respawn ...
Respawned uWSGI worker 1 (new pid: 318)
Tue Dec 14 12:47:33 2021 - mem-collector thread started for worker 1
*** EVIL RELOAD ON WORKER 1 ADDRESS SPACE: 940875776 (pid: 318) ***
DAMN ! worker 1 (pid: 318) died, killed by signal 9 :( trying respawn ...
Respawned uWSGI worker 1 (new pid: 335)
Tue Dec 14 12:47:37 2021 - mem-collector thread started for worker 1
*** EVIL RELOAD ON WORKER 1 ADDRESS SPACE: 940875776 (pid: 335) ***
DAMN ! worker 1 (pid: 335) died, killed by signal 9 :( trying respawn ...
Respawned uWSGI worker 1 (new pid: 364)
Tue Dec 14 12:47:41 2021 - mem-collector thread started for worker 1
*** EVIL RELOAD ON WORKER 1 ADDRESS SPACE: 940875776 (pid: 364) ***
DAMN ! worker 1 (pid: 364) died, killed by signal 9 :( trying respawn ...
Respawned uWSGI worker 1 (new pid: 382)
Tue Dec 14 12:47:45 2021 - mem-collector thread started for worker 1
*** EVIL RELOAD ON WORKER 1 ADDRESS SPACE: 940875776 (pid: 382) ***
DAMN ! worker 1 (pid: 382) died, killed by signal 9 :( trying respawn ...
Respawned uWSGI worker 1 (new pid: 403)
Tue Dec 14 12:47:50 2021 - mem-collector thread started for worker 1
SIGINT/SIGTERM received...killing workers...
worker 1 buried after 1 seconds
goodbye to uWSGI.
*** Starting uWSGI 2.0.20 (64bit) on [Tue Dec 14 12:47:54 2021] ***
compiled with version: 4.8.5 20150623 (Red Hat 4.8.5-44) on 13 December 2021 13:35:57
os: Linux-3.10.0-1160.11.1.el7.x86_64 #1 SMP Fri Dec 18 16:34:56 UTC 2020
nodename: VM-16-2-centos
machine: x86_64
clock source: unix
pcre jit disabled
detected number of CPU cores: 2
current working directory: /root/graph_flask
writing pidfile to uwsgi.pid
detected binary path: /root/.virtualenvs/py3-env/bin/uwsgi
uWSGI running as root, you can use --uid/--gid/--chroot options
*** WARNING: you are running uWSGI as root !!! (use the --uid flag) *** 
chdir() to /root/graph_flask
your processes number limit is 15066
your memory page size is 4096 bytes
detected max file descriptor number: 100001
lock engine: pthread robust mutexes
thunder lock: disabled (you can enable it with --thunder-lock)
uwsgi socket 0 bound to TCP address 0.0.0.0:8080 fd 3
uWSGI running as root, you can use --uid/--gid/--chroot options
*** WARNING: you are running uWSGI as root !!! (use the --uid flag) *** 
Python version: 3.6.8 (default, Nov 16 2020, 16:55:22)  [GCC 4.8.5 20150623 (Red Hat 4.8.5-44)]
Python main interpreter initialized at 0x113e000
uWSGI running as root, you can use --uid/--gid/--chroot options
*** WARNING: you are running uWSGI as root !!! (use the --uid flag) *** 
python threads support enabled
your server socket listen backlog is limited to 100 connections
your mercy for graceful operations on workers is 60 seconds
mapped 1562828 bytes (1526 KB) for 10 cores
*** Operational MODE: threaded ***
*** no app loaded. going in full dynamic mode ***
uWSGI running as root, you can use --uid/--gid/--chroot options
*** WARNING: you are running uWSGI as root !!! (use the --uid flag) *** 
*** uWSGI is running in multiple interpreter mode ***
spawned uWSGI master process (pid: 442)
spawned uWSGI worker 1 (pid: 443, cores: 10)
Tue Dec 14 12:47:54 2021 - mem-collector thread started for worker 1
*** EVIL RELOAD ON WORKER 1 ADDRESS SPACE: 940875776 (pid: 443) ***
DAMN ! worker 1 (pid: 443) died, killed by signal 9 :( trying respawn ...
Respawned uWSGI worker 1 (new pid: 460)
Tue Dec 14 12:47:58 2021 - mem-collector thread started for worker 1
*** EVIL RELOAD ON WORKER 1 ADDRESS SPACE: 940875776 (pid: 460) ***
DAMN ! worker 1 (pid: 460) died, killed by signal 9 :( trying respawn ...
Respawned uWSGI worker 1 (new pid: 531)
Tue Dec 14 12:48:02 2021 - mem-collector thread started for worker 1
*** EVIL RELOAD ON WORKER 1 ADDRESS SPACE: 940875776 (pid: 531) ***
DAMN ! worker 1 (pid: 531) died, killed by signal 9 :( trying respawn ...
Respawned uWSGI worker 1 (new pid: 546)
Tue Dec 14 12:48:06 2021 - mem-collector thread started for worker 1
*** EVIL RELOAD ON WORKER 1 ADDRESS SPACE: 940875776 (pid: 546) ***
DAMN ! worker 1 (pid: 546) died, killed by signal 9 :( trying respawn ...
Respawned uWSGI worker 1 (new pid: 570)
Tue Dec 14 12:48:10 2021 - mem-collector thread started for worker 1
*** EVIL RELOAD ON WORKER 1 ADDRESS SPACE: 940875776 (pid: 570) ***
DAMN ! worker 1 (pid: 570) died, killed by signal 9 :( trying respawn ...
Respawned uWSGI worker 1 (new pid: 588)
Tue Dec 14 12:48:14 2021 - mem-collector thread started for worker 1
*** EVIL RELOAD ON WORKER 1 ADDRESS SPACE: 940875776 (pid: 588) ***
DAMN ! worker 1 (pid: 588) died, killed by signal 9 :( trying respawn ...
Respawned uWSGI worker 1 (new pid: 604)
Tue Dec 14 12:48:18 2021 - mem-collector thread started for worker 1
*** EVIL RELOAD ON WORKER 1 ADDRESS SPACE: 940875776 (pid: 604) ***
DAMN ! worker 1 (pid: 604) died, killed by signal 9 :( trying respawn ...
Respawned uWSGI worker 1 (new pid: 629)
Tue Dec 14 12:48:23 2021 - mem-collector thread started for worker 1
*** EVIL RELOAD ON WORKER 1 ADDRESS SPACE: 940875776 (pid: 629) ***
DAMN ! worker 1 (pid: 629) died, killed by signal 9 :( trying respawn ...
Respawned uWSGI worker 1 (new pid: 645)
Tue Dec 14 12:48:27 2021 - mem-collector thread started for worker 1
*** EVIL RELOAD ON WORKER 1 ADDRESS SPACE: 940875776 (pid: 645) ***
DAMN ! worker 1 (pid: 645) died, killed by signal 9 :( trying respawn ...
Respawned uWSGI worker 1 (new pid: 672)
Tue Dec 14 12:48:32 2021 - mem-collector thread started for worker 1
*** EVIL RELOAD ON WORKER 1 ADDRESS SPACE: 940875776 (pid: 672) ***
DAMN ! worker 1 (pid: 672) died, killed by signal 9 :( trying respawn ...
Respawned uWSGI worker 1 (new pid: 692)
Tue Dec 14 12:48:36 2021 - mem-collector thread started for worker 1
*** EVIL RELOAD ON WORKER 1 ADDRESS SPACE: 940875776 (pid: 692) ***
DAMN ! worker 1 (pid: 692) died, killed by signal 9 :( trying respawn ...
Respawned uWSGI worker 1 (new pid: 725)
Tue Dec 14 12:48:40 2021 - mem-collector thread started for worker 1
*** EVIL RELOAD ON WORKER 1 ADDRESS SPACE: 940875776 (pid: 725) ***
DAMN ! worker 1 (pid: 725) died, killed by signal 9 :( trying respawn ...
Respawned uWSGI worker 1 (new pid: 743)
Tue Dec 14 12:48:44 2021 - mem-collector thread started for worker 1
*** EVIL RELOAD ON WORKER 1 ADDRESS SPACE: 940875776 (pid: 743) ***
DAMN ! worker 1 (pid: 743) died, killed by signal 9 :( trying respawn ...
Respawned uWSGI worker 1 (new pid: 764)
Tue Dec 14 12:48:49 2021 - mem-collector thread started for worker 1
*** EVIL RELOAD ON WORKER 1 ADDRESS SPACE: 940875776 (pid: 764) ***
DAMN ! worker 1 (pid: 764) died, killed by signal 9 :( trying respawn ...
Respawned uWSGI worker 1 (new pid: 788)
Tue Dec 14 12:48:53 2021 - mem-collector thread started for worker 1
*** EVIL RELOAD ON WORKER 1 ADDRESS SPACE: 940875776 (pid: 788) ***
DAMN ! worker 1 (pid: 788) died, killed by signal 9 :( trying respawn ...
Respawned uWSGI worker 1 (new pid: 823)
Tue Dec 14 12:48:57 2021 - mem-collector thread started for worker 1
*** EVIL RELOAD ON WORKER 1 ADDRESS SPACE: 940875776 (pid: 823) ***
DAMN ! worker 1 (pid: 823) died, killed by signal 9 :( trying respawn ...
Respawned uWSGI worker 1 (new pid: 890)
Tue Dec 14 12:49:01 2021 - mem-collector thread started for worker 1
-- unavailable modifier requested: 22 --
*** EVIL RELOAD ON WORKER 1 ADDRESS SPACE: 605331456 (pid: 890) ***
DAMN ! worker 1 (pid: 890) died, killed by signal 9 :( trying respawn ...
Respawned uWSGI worker 1 (new pid: 908)
Tue Dec 14 12:49:03 2021 - mem-collector thread started for worker 1
*** EVIL RELOAD ON WORKER 1 ADDRESS SPACE: 940875776 (pid: 908) ***
DAMN ! worker 1 (pid: 908) died, killed by signal 9 :( trying respawn ...
Respawned uWSGI worker 1 (new pid: 926)
Tue Dec 14 12:49:07 2021 - mem-collector thread started for worker 1
*** EVIL RELOAD ON WORKER 1 ADDRESS SPACE: 940875776 (pid: 926) ***
DAMN ! worker 1 (pid: 926) died, killed by signal 9 :( trying respawn ...
Respawned uWSGI worker 1 (new pid: 951)
Tue Dec 14 12:49:12 2021 - mem-collector thread started for worker 1
*** EVIL RELOAD ON WORKER 1 ADDRESS SPACE: 940875776 (pid: 951) ***
DAMN ! worker 1 (pid: 951) died, killed by signal 9 :( trying respawn ...
Respawned uWSGI worker 1 (new pid: 963)
Tue Dec 14 12:49:16 2021 - mem-collector thread started for worker 1
*** EVIL RELOAD ON WORKER 1 ADDRESS SPACE: 940875776 (pid: 963) ***
SIGINT/SIGTERM received...killing workers...
worker 1 buried after 0 seconds
goodbye to uWSGI.
*** Starting uWSGI 2.0.20 (64bit) on [Tue Dec 14 12:49:22 2021] ***
compiled with version: 4.8.5 20150623 (Red Hat 4.8.5-44) on 13 December 2021 13:35:57
os: Linux-3.10.0-1160.11.1.el7.x86_64 #1 SMP Fri Dec 18 16:34:56 UTC 2020
nodename: VM-16-2-centos
machine: x86_64
clock source: unix
pcre jit disabled
detected number of CPU cores: 2
current working directory: /root/graph_flask
writing pidfile to uwsgi.pid
detected binary path: /root/.virtualenvs/py3-env/bin/uwsgi
uWSGI running as root, you can use --uid/--gid/--chroot options
*** WARNING: you are running uWSGI as root !!! (use the --uid flag) *** 
chdir() to /root/graph_flask
your processes number limit is 15066
your memory page size is 4096 bytes
detected max file descriptor number: 100001
lock engine: pthread robust mutexes
thunder lock: disabled (you can enable it with --thunder-lock)
uwsgi socket 0 bound to TCP address 0.0.0.0:8080 fd 3
uWSGI running as root, you can use --uid/--gid/--chroot options
*** WARNING: you are running uWSGI as root !!! (use the --uid flag) *** 
Python version: 3.6.8 (default, Nov 16 2020, 16:55:22)  [GCC 4.8.5 20150623 (Red Hat 4.8.5-44)]
Python main interpreter initialized at 0x857030
uWSGI running as root, you can use --uid/--gid/--chroot options
*** WARNING: you are running uWSGI as root !!! (use the --uid flag) *** 
python threads support enabled
your server socket listen backlog is limited to 100 connections
your mercy for graceful operations on workers is 60 seconds
mapped 1562828 bytes (1526 KB) for 10 cores
*** Operational MODE: threaded ***
*** no app loaded. going in full dynamic mode ***
uWSGI running as root, you can use --uid/--gid/--chroot options
*** WARNING: you are running uWSGI as root !!! (use the --uid flag) *** 
*** uWSGI is running in multiple interpreter mode ***
spawned uWSGI master process (pid: 993)
spawned uWSGI worker 1 (pid: 994, cores: 10)
Tue Dec 14 12:49:22 2021 - mem-collector thread started for worker 1
*** EVIL RELOAD ON WORKER 1 ADDRESS SPACE: 940875776 (pid: 994) ***
DAMN ! worker 1 (pid: 994) died, killed by signal 9 :( trying respawn ...
Respawned uWSGI worker 1 (new pid: 1007)
Tue Dec 14 12:49:26 2021 - mem-collector thread started for worker 1
*** EVIL RELOAD ON WORKER 1 ADDRESS SPACE: 940875776 (pid: 1007) ***
DAMN ! worker 1 (pid: 1007) died, killed by signal 9 :( trying respawn ...
Respawned uWSGI worker 1 (new pid: 1028)
Tue Dec 14 12:49:30 2021 - mem-collector thread started for worker 1
*** EVIL RELOAD ON WORKER 1 ADDRESS SPACE: 940875776 (pid: 1028) ***
DAMN ! worker 1 (pid: 1028) died, killed by signal 9 :( trying respawn ...
Respawned uWSGI worker 1 (new pid: 1046)
Tue Dec 14 12:49:34 2021 - mem-collector thread started for worker 1
*** EVIL RELOAD ON WORKER 1 ADDRESS SPACE: 940875776 (pid: 1046) ***
DAMN ! worker 1 (pid: 1046) died, killed by signal 9 :( trying respawn ...
Respawned uWSGI worker 1 (new pid: 1075)
Tue Dec 14 12:49:38 2021 - mem-collector thread started for worker 1
*** EVIL RELOAD ON WORKER 1 ADDRESS SPACE: 940875776 (pid: 1075) ***
DAMN ! worker 1 (pid: 1075) died, killed by signal 9 :( trying respawn ...
Respawned uWSGI worker 1 (new pid: 1098)
Tue Dec 14 12:49:42 2021 - mem-collector thread started for worker 1
SIGINT/SIGTERM received...killing workers...
worker 1 buried after 1 seconds
goodbye to uWSGI.
*** Starting uWSGI 2.0.20 (64bit) on [Tue Dec 14 12:50:59 2021] ***
compiled with version: 4.8.5 20150623 (Red Hat 4.8.5-44) on 13 December 2021 13:35:57
os: Linux-3.10.0-1160.11.1.el7.x86_64 #1 SMP Fri Dec 18 16:34:56 UTC 2020
nodename: VM-16-2-centos
machine: x86_64
clock source: unix
pcre jit disabled
detected number of CPU cores: 2
current working directory: /root/graph_flask
writing pidfile to uwsgi.pid
detected binary path: /root/.virtualenvs/py3-env/bin/uwsgi
uWSGI running as root, you can use --uid/--gid/--chroot options
*** WARNING: you are running uWSGI as root !!! (use the --uid flag) *** 
chdir() to /root/graph_flask
your processes number limit is 15066
your memory page size is 4096 bytes
detected max file descriptor number: 100001
lock engine: pthread robust mutexes
thunder lock: disabled (you can enable it with --thunder-lock)
uwsgi socket 0 bound to TCP address 0.0.0.0:8080 fd 3
uWSGI running as root, you can use --uid/--gid/--chroot options
*** WARNING: you are running uWSGI as root !!! (use the --uid flag) *** 
Python version: 3.6.8 (default, Nov 16 2020, 16:55:22)  [GCC 4.8.5 20150623 (Red Hat 4.8.5-44)]
Python main interpreter initialized at 0x1021fb0
uWSGI running as root, you can use --uid/--gid/--chroot options
*** WARNING: you are running uWSGI as root !!! (use the --uid flag) *** 
python threads support enabled
your server socket listen backlog is limited to 100 connections
your mercy for graceful operations on workers is 60 seconds
mapped 1562828 bytes (1526 KB) for 10 cores
*** Operational MODE: threaded ***
*** no app loaded. going in full dynamic mode ***
uWSGI running as root, you can use --uid/--gid/--chroot options
*** WARNING: you are running uWSGI as root !!! (use the --uid flag) *** 
*** uWSGI is running in multiple interpreter mode ***
spawned uWSGI master process (pid: 1358)
spawned uWSGI worker 1 (pid: 1359, cores: 10)
--- no python application found, check your startup logs for errors ---
[pid: 1359|app: -1|req: -1/1] 120.224.66.44 () {48 vars in 767 bytes} [Tue Dec 14 13:25:27 2021] OPTIONS /api/login => generated 21 bytes in 0 msecs (HTTP/1.1 500) 2 headers in 83 bytes (0 switches on core 7)
--- no python application found, check your startup logs for errors ---
[pid: 1359|app: -1|req: -1/2] 120.224.66.44 () {48 vars in 767 bytes} [Tue Dec 14 13:25:43 2021] OPTIONS /api/login => generated 21 bytes in 0 msecs (HTTP/1.1 500) 2 headers in 83 bytes (0 switches on core 8)
--- no python application found, check your startup logs for errors ---
[pid: 1359|app: -1|req: -1/3] 120.224.66.44 () {48 vars in 767 bytes} [Tue Dec 14 13:25:47 2021] OPTIONS /api/login => generated 21 bytes in 0 msecs (HTTP/1.1 500) 2 headers in 83 bytes (0 switches on core 1)
--- no python application found, check your startup logs for errors ---
[pid: 1359|app: -1|req: -1/4] 120.224.66.44 () {48 vars in 767 bytes} [Tue Dec 14 13:26:06 2021] OPTIONS /api/login => generated 21 bytes in 0 msecs (HTTP/1.1 500) 2 headers in 83 bytes (0 switches on core 2)
--- no python application found, check your startup logs for errors ---
[pid: 1359|app: -1|req: -1/5] 120.224.66.44 () {48 vars in 767 bytes} [Tue Dec 14 13:26:06 2021] OPTIONS /api/login => generated 21 bytes in 0 msecs (HTTP/1.1 500) 2 headers in 83 bytes (0 switches on core 3)
--- no python application found, check your startup logs for errors ---
[pid: 1359|app: -1|req: -1/6] 120.224.66.44 () {48 vars in 767 bytes} [Tue Dec 14 13:28:39 2021] OPTIONS /api/login => generated 21 bytes in 0 msecs (HTTP/1.1 500) 2 headers in 83 bytes (0 switches on core 4)
--- no python application found, check your startup logs for errors ---
[pid: 1359|app: -1|req: -1/7] 120.224.66.44 () {48 vars in 767 bytes} [Tue Dec 14 13:28:40 2021] OPTIONS /api/login => generated 21 bytes in 0 msecs (HTTP/1.1 500) 2 headers in 83 bytes (0 switches on core 0)
--- no python application found, check your startup logs for errors ---
[pid: 1359|app: -1|req: -1/8] 120.224.66.44 () {48 vars in 767 bytes} [Tue Dec 14 13:28:41 2021] OPTIONS /api/login => generated 21 bytes in 0 msecs (HTTP/1.1 500) 2 headers in 83 bytes (0 switches on core 0)
--- no python application found, check your startup logs for errors ---
[pid: 1359|app: -1|req: -1/9] 120.224.66.44 () {48 vars in 767 bytes} [Tue Dec 14 13:28:41 2021] OPTIONS /api/login => generated 21 bytes in 0 msecs (HTTP/1.1 500) 2 headers in 83 bytes (0 switches on core 6)
--- no python application found, check your startup logs for errors ---
[pid: 1359|app: -1|req: -1/10] 120.224.66.44 () {48 vars in 767 bytes} [Tue Dec 14 13:28:41 2021] OPTIONS /api/login => generated 21 bytes in 0 msecs (HTTP/1.1 500) 2 headers in 83 bytes (0 switches on core 6)
--- no python application found, check your startup logs for errors ---
[pid: 1359|app: -1|req: -1/11] 120.224.66.44 () {48 vars in 767 bytes} [Tue Dec 14 13:28:49 2021] OPTIONS /api/login => generated 21 bytes in 0 msecs (HTTP/1.1 500) 2 headers in 83 bytes (0 switches on core 9)
SIGINT/SIGTERM received...killing workers...
worker 1 buried after 1 seconds
goodbye to uWSGI.
*** Starting uWSGI 2.0.20 (64bit) on [Tue Dec 14 13:29:34 2021] ***
compiled with version: 4.8.5 20150623 (Red Hat 4.8.5-44) on 13 December 2021 13:35:57
os: Linux-3.10.0-1160.11.1.el7.x86_64 #1 SMP Fri Dec 18 16:34:56 UTC 2020
nodename: VM-16-2-centos
machine: x86_64
clock source: unix
pcre jit disabled
detected number of CPU cores: 2
current working directory: /root/graph_flask
writing pidfile to uwsgi.pid
detected binary path: /root/.virtualenvs/py3-env/bin/uwsgi
uWSGI running as root, you can use --uid/--gid/--chroot options
*** WARNING: you are running uWSGI as root !!! (use the --uid flag) *** 
chdir() to /root/graph_flask
your processes number limit is 15066
your memory page size is 4096 bytes
detected max file descriptor number: 100001
lock engine: pthread robust mutexes
thunder lock: disabled (you can enable it with --thunder-lock)
uwsgi socket 0 bound to TCP address 0.0.0.0:8080 fd 3
uWSGI running as root, you can use --uid/--gid/--chroot options
*** WARNING: you are running uWSGI as root !!! (use the --uid flag) *** 
Python version: 3.6.8 (default, Nov 16 2020, 16:55:22)  [GCC 4.8.5 20150623 (Red Hat 4.8.5-44)]
Python main interpreter initialized at 0x1f9ffb0
uWSGI running as root, you can use --uid/--gid/--chroot options
*** WARNING: you are running uWSGI as root !!! (use the --uid flag) *** 
python threads support enabled
your server socket listen backlog is limited to 100 connections
your mercy for graceful operations on workers is 60 seconds
mapped 1562828 bytes (1526 KB) for 10 cores
*** Operational MODE: threaded ***
*** no app loaded. going in full dynamic mode ***
uWSGI running as root, you can use --uid/--gid/--chroot options
*** WARNING: you are running uWSGI as root !!! (use the --uid flag) *** 
*** uWSGI is running in multiple interpreter mode ***
spawned uWSGI master process (pid: 8785)
spawned uWSGI worker 1 (pid: 8786, cores: 10)
--- no python application found, check your startup logs for errors ---
[pid: 8786|app: -1|req: -1/1] 120.224.66.44 () {48 vars in 767 bytes} [Tue Dec 14 13:29:36 2021] OPTIONS /api/login => generated 21 bytes in 0 msecs (HTTP/1.1 500) 2 headers in 83 bytes (0 switches on core 3)
--- no python application found, check your startup logs for errors ---
[pid: 8786|app: -1|req: -1/2] 120.224.66.44 () {48 vars in 767 bytes} [Tue Dec 14 13:29:41 2021] OPTIONS /api/login => generated 21 bytes in 0 msecs (HTTP/1.1 500) 2 headers in 83 bytes (0 switches on core 2)
--- no python application found, check your startup logs for errors ---
[pid: 8786|app: -1|req: -1/3] 120.224.66.44 () {48 vars in 767 bytes} [Tue Dec 14 13:29:56 2021] OPTIONS /api/login => generated 21 bytes in 0 msecs (HTTP/1.1 500) 2 headers in 83 bytes (0 switches on core 1)
DAMN ! worker 1 (pid: 8786) died, killed by signal 9 :( trying respawn ...
Respawned uWSGI worker 1 (new pid: 9343)
--- no python application found, check your startup logs for errors ---
[pid: 9343|app: -1|req: -1/4] 120.224.66.44 () {48 vars in 767 bytes} [Tue Dec 14 13:32:16 2021] OPTIONS /api/login => generated 21 bytes in 0 msecs (HTTP/1.1 500) 2 headers in 83 bytes (0 switches on core 2)
--- no python application found, check your startup logs for errors ---
[pid: 9343|app: -1|req: -1/5] 120.224.66.44 () {48 vars in 767 bytes} [Tue Dec 14 13:32:20 2021] OPTIONS /api/login => generated 21 bytes in 0 msecs (HTTP/1.1 500) 2 headers in 83 bytes (0 switches on core 1)
--- no python application found, check your startup logs for errors ---
[pid: 9343|app: -1|req: -1/6] 120.224.66.44 () {48 vars in 767 bytes} [Tue Dec 14 13:32:31 2021] OPTIONS /api/login => generated 21 bytes in 0 msecs (HTTP/1.1 500) 2 headers in 83 bytes (0 switches on core 3)
--- no python application found, check your startup logs for errors ---
[pid: 9343|app: -1|req: -1/7] 120.224.66.44 () {48 vars in 767 bytes} [Tue Dec 14 13:32:32 2021] OPTIONS /api/login => generated 21 bytes in 0 msecs (HTTP/1.1 500) 2 headers in 83 bytes (0 switches on core 3)
--- no python application found, check your startup logs for errors ---
[pid: 9343|app: -1|req: -1/8] 120.224.66.44 () {48 vars in 767 bytes} [Tue Dec 14 13:32:33 2021] OPTIONS /api/login => generated 21 bytes in 0 msecs (HTTP/1.1 500) 2 headers in 83 bytes (0 switches on core 5)
--- no python application found, check your startup logs for errors ---
[pid: 9343|app: -1|req: -1/9] 120.224.66.44 () {48 vars in 767 bytes} [Tue Dec 14 13:32:33 2021] OPTIONS /api/login => generated 21 bytes in 0 msecs (HTTP/1.1 500) 2 headers in 83 bytes (0 switches on core 6)
--- no python application found, check your startup logs for errors ---
[pid: 9343|app: -1|req: -1/10] 120.224.66.44 () {48 vars in 767 bytes} [Tue Dec 14 13:32:33 2021] OPTIONS /api/login => generated 21 bytes in 0 msecs (HTTP/1.1 500) 2 headers in 83 bytes (0 switches on core 0)
SIGINT/SIGTERM received...killing workers...
worker 1 buried after 1 seconds
goodbye to uWSGI.
*** Starting uWSGI 2.0.20 (64bit) on [Tue Dec 14 13:32:54 2021] ***
compiled with version: 4.8.5 20150623 (Red Hat 4.8.5-44) on 13 December 2021 13:35:57
os: Linux-3.10.0-1160.11.1.el7.x86_64 #1 SMP Fri Dec 18 16:34:56 UTC 2020
nodename: VM-16-2-centos
machine: x86_64
clock source: unix
pcre jit disabled
detected number of CPU cores: 2
current working directory: /root/graph_flask
writing pidfile to uwsgi.pid
detected binary path: /root/.virtualenvs/py3-env/bin/uwsgi
uWSGI running as root, you can use --uid/--gid/--chroot options
*** WARNING: you are running uWSGI as root !!! (use the --uid flag) *** 
chdir() to /root/graph_flask
your processes number limit is 15066
your memory page size is 4096 bytes
detected max file descriptor number: 100001
lock engine: pthread robust mutexes
thunder lock: disabled (you can enable it with --thunder-lock)
uwsgi socket 0 bound to TCP address 0.0.0.0:8080 fd 3
uWSGI running as root, you can use --uid/--gid/--chroot options
*** WARNING: you are running uWSGI as root !!! (use the --uid flag) *** 
Python version: 3.6.8 (default, Nov 16 2020, 16:55:22)  [GCC 4.8.5 20150623 (Red Hat 4.8.5-44)]
Python main interpreter initialized at 0x179efb0
uWSGI running as root, you can use --uid/--gid/--chroot options
*** WARNING: you are running uWSGI as root !!! (use the --uid flag) *** 
python threads support enabled
your server socket listen backlog is limited to 100 connections
your mercy for graceful operations on workers is 60 seconds
mapped 1562828 bytes (1526 KB) for 10 cores
*** Operational MODE: threaded ***
*** no app loaded. going in full dynamic mode ***
uWSGI running as root, you can use --uid/--gid/--chroot options
*** WARNING: you are running uWSGI as root !!! (use the --uid flag) *** 
*** uWSGI is running in multiple interpreter mode ***
spawned uWSGI master process (pid: 9439)
spawned uWSGI worker 1 (pid: 9440, cores: 10)
--- no python application found, check your startup logs for errors ---
[pid: 9440|app: -1|req: -1/1] 120.224.66.44 () {48 vars in 767 bytes} [Tue Dec 14 13:33:02 2021] OPTIONS /api/login => generated 21 bytes in 0 msecs (HTTP/1.1 500) 2 headers in 83 bytes (0 switches on core 3)
--- no python application found, check your startup logs for errors ---
[pid: 9440|app: -1|req: -1/2] 120.224.66.44 () {48 vars in 767 bytes} [Tue Dec 14 13:33:05 2021] OPTIONS /api/login => generated 21 bytes in 0 msecs (HTTP/1.1 500) 2 headers in 83 bytes (0 switches on core 3)
-- unavailable modifier requested: 3 --
uwsgi_proto_uwsgi_parser(): Resource temporarily unavailable [proto/uwsgi.c line 40]
uwsgi_proto_uwsgi_parser(): Resource temporarily unavailable [proto/uwsgi.c line 40]
--- no python application found, check your startup logs for errors ---
[pid: 9440|app: -1|req: -1/4] 120.224.66.44 () {48 vars in 767 bytes} [Tue Dec 14 17:25:42 2021] OPTIONS /api/login => generated 21 bytes in 0 msecs (HTTP/1.1 500) 2 headers in 83 bytes (0 switches on core 5)
--- no python application found, check your startup logs for errors ---
[pid: 9440|app: -1|req: -1/5] 120.224.66.44 () {48 vars in 758 bytes} [Tue Dec 14 17:28:43 2021] OPTIONS /login => generated 21 bytes in 0 msecs (HTTP/1.1 500) 2 headers in 83 bytes (0 switches on core 6)
--- no python application found, check your startup logs for errors ---
[pid: 9440|app: -1|req: -1/6] 120.224.66.44 () {48 vars in 758 bytes} [Tue Dec 14 17:28:47 2021] OPTIONS /login => generated 21 bytes in 0 msecs (HTTP/1.1 500) 2 headers in 83 bytes (0 switches on core 7)
--- no python application found, check your startup logs for errors ---
[pid: 9440|app: -1|req: -1/7] 120.224.66.44 () {48 vars in 758 bytes} [Tue Dec 14 17:28:49 2021] OPTIONS /login => generated 21 bytes in 0 msecs (HTTP/1.1 500) 2 headers in 83 bytes (0 switches on core 8)
--- no python application found, check your startup logs for errors ---
[pid: 9440|app: -1|req: -1/8] 120.224.66.44 () {48 vars in 758 bytes} [Tue Dec 14 17:29:02 2021] OPTIONS /login => generated 21 bytes in 0 msecs (HTTP/1.1 500) 2 headers in 83 bytes (0 switches on core 0)
--- no python application found, check your startup logs for errors ---
[pid: 9440|app: -1|req: -1/9] 120.224.66.44 () {48 vars in 758 bytes} [Tue Dec 14 17:29:02 2021] OPTIONS /login => generated 21 bytes in 0 msecs (HTTP/1.1 500) 2 headers in 83 bytes (0 switches on core 0)
--- no python application found, check your startup logs for errors ---
[pid: 9440|app: -1|req: -1/10] 120.224.66.44 () {48 vars in 758 bytes} [Tue Dec 14 17:29:12 2021] OPTIONS /login => generated 21 bytes in 0 msecs (HTTP/1.1 500) 2 headers in 83 bytes (0 switches on core 1)
SIGINT/SIGTERM received...killing workers...
worker 1 buried after 1 seconds
goodbye to uWSGI.
*** Starting uWSGI 2.0.20 (64bit) on [Tue Dec 14 17:39:36 2021] ***
compiled with version: 4.8.5 20150623 (Red Hat 4.8.5-44) on 13 December 2021 13:35:57
os: Linux-3.10.0-1160.11.1.el7.x86_64 #1 SMP Fri Dec 18 16:34:56 UTC 2020
nodename: VM-16-2-centos
machine: x86_64
clock source: unix
pcre jit disabled
detected number of CPU cores: 2
current working directory: /root/graph_flask
writing pidfile to uwsgi.pid
detected binary path: /root/.virtualenvs/py3-env/bin/uwsgi
uWSGI running as root, you can use --uid/--gid/--chroot options
*** WARNING: you are running uWSGI as root !!! (use the --uid flag) *** 
chdir() to /root/graph_flask
your processes number limit is 15066
your memory page size is 4096 bytes
detected max file descriptor number: 100001
lock engine: pthread robust mutexes
thunder lock: disabled (you can enable it with --thunder-lock)
uwsgi socket 0 bound to TCP address 0.0.0.0:8080 fd 3
uWSGI running as root, you can use --uid/--gid/--chroot options
*** WARNING: you are running uWSGI as root !!! (use the --uid flag) *** 
Python version: 3.6.8 (default, Nov 16 2020, 16:55:22)  [GCC 4.8.5 20150623 (Red Hat 4.8.5-44)]
Python main interpreter initialized at 0x833f80
uWSGI running as root, you can use --uid/--gid/--chroot options
*** WARNING: you are running uWSGI as root !!! (use the --uid flag) *** 
python threads support enabled
your server socket listen backlog is limited to 100 connections
your mercy for graceful operations on workers is 60 seconds
mapped 1562828 bytes (1526 KB) for 10 cores
*** Operational MODE: threaded ***
*** no app loaded. going in full dynamic mode ***
uWSGI running as root, you can use --uid/--gid/--chroot options
*** WARNING: you are running uWSGI as root !!! (use the --uid flag) *** 
*** uWSGI is running in multiple interpreter mode ***
spawned uWSGI master process (pid: 24059)
spawned uWSGI worker 1 (pid: 24060, cores: 10)
--- no python application found, check your startup logs for errors ---
[pid: 24060|app: -1|req: -1/1] 120.224.66.44 () {48 vars in 759 bytes} [Tue Dec 14 17:39:40 2021] OPTIONS /login => generated 21 bytes in 0 msecs (HTTP/1.1 500) 2 headers in 83 bytes (0 switches on core 1)
--- no python application found, check your startup logs for errors ---
[pid: 24060|app: -1|req: -1/2] 120.224.66.44 () {48 vars in 759 bytes} [Tue Dec 14 17:39:44 2021] OPTIONS /login => generated 21 bytes in 0 msecs (HTTP/1.1 500) 2 headers in 83 bytes (0 switches on core 2)
--- no python application found, check your startup logs for errors ---
[pid: 24060|app: -1|req: -1/3] 120.224.66.44 () {48 vars in 759 bytes} [Tue Dec 14 17:39:57 2021] OPTIONS /login => generated 21 bytes in 0 msecs (HTTP/1.1 500) 2 headers in 83 bytes (0 switches on core 2)
SIGINT/SIGTERM received...killing workers...
worker 1 buried after 1 seconds
goodbye to uWSGI.
*** Starting uWSGI 2.0.20 (64bit) on [Tue Dec 14 17:44:14 2021] ***
compiled with version: 4.8.5 20150623 (Red Hat 4.8.5-44) on 13 December 2021 13:35:57
os: Linux-3.10.0-1160.11.1.el7.x86_64 #1 SMP Fri Dec 18 16:34:56 UTC 2020
nodename: VM-16-2-centos
machine: x86_64
clock source: unix
pcre jit disabled
detected number of CPU cores: 2
current working directory: /root/graph_flask
writing pidfile to uwsgi.pid
detected binary path: /root/.virtualenvs/py3-env/bin/uwsgi
uWSGI running as root, you can use --uid/--gid/--chroot options
*** WARNING: you are running uWSGI as root !!! (use the --uid flag) *** 
chdir() to /root/graph_flask
your processes number limit is 15066
your memory page size is 4096 bytes
detected max file descriptor number: 100001
lock engine: pthread robust mutexes
thunder lock: disabled (you can enable it with --thunder-lock)
uwsgi socket 0 bound to TCP address 0.0.0.0:8080 fd 3
uWSGI running as root, you can use --uid/--gid/--chroot options
*** WARNING: you are running uWSGI as root !!! (use the --uid flag) *** 
Python version: 3.6.8 (default, Nov 16 2020, 16:55:22)  [GCC 4.8.5 20150623 (Red Hat 4.8.5-44)]
Python main interpreter initialized at 0x1aaef80
uWSGI running as root, you can use --uid/--gid/--chroot options
*** WARNING: you are running uWSGI as root !!! (use the --uid flag) *** 
python threads support enabled
your server socket listen backlog is limited to 100 connections
your mercy for graceful operations on workers is 60 seconds
mapped 1562828 bytes (1526 KB) for 10 cores
*** Operational MODE: threaded ***
*** no app loaded. going in full dynamic mode ***
uWSGI running as root, you can use --uid/--gid/--chroot options
*** WARNING: you are running uWSGI as root !!! (use the --uid flag) *** 
*** uWSGI is running in multiple interpreter mode ***
spawned uWSGI master process (pid: 24979)
spawned uWSGI worker 1 (pid: 24980, cores: 10)
--- no python application found, check your startup logs for errors ---
[pid: 24980|app: -1|req: -1/1] 120.224.66.44 () {48 vars in 758 bytes} [Tue Dec 14 17:44:30 2021] OPTIONS /login => generated 21 bytes in 0 msecs (HTTP/1.1 500) 2 headers in 83 bytes (0 switches on core 1)
--- no python application found, check your startup logs for errors ---
[pid: 24980|app: -1|req: -1/2] 120.224.66.44 () {48 vars in 758 bytes} [Tue Dec 14 17:44:32 2021] OPTIONS /login => generated 21 bytes in 0 msecs (HTTP/1.1 500) 2 headers in 83 bytes (0 switches on core 2)
--- no python application found, check your startup logs for errors ---
[pid: 24980|app: -1|req: -1/3] 120.224.66.44 () {48 vars in 758 bytes} [Tue Dec 14 17:44:33 2021] OPTIONS /login => generated 21 bytes in 0 msecs (HTTP/1.1 500) 2 headers in 83 bytes (0 switches on core 3)
--- no python application found, check your startup logs for errors ---
[pid: 24980|app: -1|req: -1/4] 120.224.66.44 () {48 vars in 758 bytes} [Tue Dec 14 17:44:33 2021] OPTIONS /login => generated 21 bytes in 0 msecs (HTTP/1.1 500) 2 headers in 83 bytes (0 switches on core 3)
--- no python application found, check your startup logs for errors ---
[pid: 24980|app: -1|req: -1/5] 120.224.66.44 () {48 vars in 758 bytes} [Tue Dec 14 17:44:33 2021] OPTIONS /login => generated 21 bytes in 0 msecs (HTTP/1.1 500) 2 headers in 83 bytes (0 switches on core 5)
--- no python application found, check your startup logs for errors ---
[pid: 24980|app: -1|req: -1/6] 120.224.66.44 () {48 vars in 758 bytes} [Tue Dec 14 17:44:33 2021] OPTIONS /login => generated 21 bytes in 0 msecs (HTTP/1.1 500) 2 headers in 83 bytes (0 switches on core 6)
--- no python application found, check your startup logs for errors ---
[pid: 24980|app: -1|req: -1/7] 120.224.66.44 () {48 vars in 758 bytes} [Tue Dec 14 17:44:34 2021] OPTIONS /login => generated 21 bytes in 0 msecs (HTTP/1.1 500) 2 headers in 83 bytes (0 switches on core 0)
SIGINT/SIGTERM received...killing workers...
worker 1 buried after 1 seconds
goodbye to uWSGI.
*** Starting uWSGI 2.0.20 (64bit) on [Tue Dec 14 17:52:41 2021] ***
compiled with version: 4.8.5 20150623 (Red Hat 4.8.5-44) on 13 December 2021 13:35:57
os: Linux-3.10.0-1160.11.1.el7.x86_64 #1 SMP Fri Dec 18 16:34:56 UTC 2020
nodename: VM-16-2-centos
machine: x86_64
clock source: unix
pcre jit disabled
detected number of CPU cores: 2
current working directory: /root/graph_flask
writing pidfile to uwsgi.pid
detected binary path: /root/.virtualenvs/py3-env/bin/uwsgi
uWSGI running as root, you can use --uid/--gid/--chroot options
*** WARNING: you are running uWSGI as root !!! (use the --uid flag) *** 
chdir() to /root/graph_flask
your processes number limit is 15066
your memory page size is 4096 bytes
detected max file descriptor number: 100001
lock engine: pthread robust mutexes
thunder lock: disabled (you can enable it with --thunder-lock)
uwsgi socket 0 bound to TCP address 0.0.0.0:8080 fd 3
uWSGI running as root, you can use --uid/--gid/--chroot options
*** WARNING: you are running uWSGI as root !!! (use the --uid flag) *** 
Python version: 3.6.8 (default, Nov 16 2020, 16:55:22)  [GCC 4.8.5 20150623 (Red Hat 4.8.5-44)]
Python main interpreter initialized at 0x21c0f80
uWSGI running as root, you can use --uid/--gid/--chroot options
*** WARNING: you are running uWSGI as root !!! (use the --uid flag) *** 
python threads support enabled
your server socket listen backlog is limited to 100 connections
your mercy for graceful operations on workers is 60 seconds
mapped 1562828 bytes (1526 KB) for 10 cores
*** Operational MODE: threaded ***
*** no app loaded. going in full dynamic mode ***
uWSGI running as root, you can use --uid/--gid/--chroot options
*** WARNING: you are running uWSGI as root !!! (use the --uid flag) *** 
*** uWSGI is running in multiple interpreter mode ***
spawned uWSGI master process (pid: 26627)
spawned uWSGI worker 1 (pid: 26628, cores: 10)
--- no python application found, check your startup logs for errors ---
[pid: 26628|app: -1|req: -1/1] 120.224.66.44 () {48 vars in 759 bytes} [Tue Dec 14 17:52:45 2021] OPTIONS /login => generated 21 bytes in 0 msecs (HTTP/1.1 500) 2 headers in 83 bytes (0 switches on core 5)
--- no python application found, check your startup logs for errors ---
[pid: 26628|app: -1|req: -1/2] 120.224.66.44 () {48 vars in 759 bytes} [Tue Dec 14 17:52:49 2021] OPTIONS /login => generated 21 bytes in 0 msecs (HTTP/1.1 500) 2 headers in 83 bytes (0 switches on core 1)
--- no python application found, check your startup logs for errors ---
[pid: 26628|app: -1|req: -1/3] 120.224.66.44 () {48 vars in 759 bytes} [Tue Dec 14 17:52:59 2021] OPTIONS /login => generated 21 bytes in 0 msecs (HTTP/1.1 500) 2 headers in 83 bytes (0 switches on core 1)
--- no python application found, check your startup logs for errors ---
[pid: 26628|app: -1|req: -1/4] 120.224.66.44 () {48 vars in 759 bytes} [Tue Dec 14 17:53:00 2021] OPTIONS /login => generated 21 bytes in 0 msecs (HTTP/1.1 500) 2 headers in 83 bytes (0 switches on core 2)
SIGINT/SIGTERM received...killing workers...
worker 1 buried after 1 seconds
goodbye to uWSGI.
*** Starting uWSGI 2.0.20 (64bit) on [Tue Dec 14 17:54:02 2021] ***
compiled with version: 4.8.5 20150623 (Red Hat 4.8.5-44) on 13 December 2021 13:35:57
os: Linux-3.10.0-1160.11.1.el7.x86_64 #1 SMP Fri Dec 18 16:34:56 UTC 2020
nodename: VM-16-2-centos
machine: x86_64
clock source: unix
pcre jit disabled
detected number of CPU cores: 2
current working directory: /root/graph_flask
writing pidfile to uwsgi.pid
detected binary path: /root/.virtualenvs/py3-env/bin/uwsgi
uWSGI running as root, you can use --uid/--gid/--chroot options
*** WARNING: you are running uWSGI as root !!! (use the --uid flag) *** 
chdir() to /root/graph_flask
your processes number limit is 15066
your memory page size is 4096 bytes
detected max file descriptor number: 100001
lock engine: pthread robust mutexes
thunder lock: disabled (you can enable it with --thunder-lock)
uwsgi socket 0 bound to TCP address 0.0.0.0:8080 fd 3
uWSGI running as root, you can use --uid/--gid/--chroot options
*** WARNING: you are running uWSGI as root !!! (use the --uid flag) *** 
Python version: 3.6.8 (default, Nov 16 2020, 16:55:22)  [GCC 4.8.5 20150623 (Red Hat 4.8.5-44)]
Python main interpreter initialized at 0xb98f60
uWSGI running as root, you can use --uid/--gid/--chroot options
*** WARNING: you are running uWSGI as root !!! (use the --uid flag) *** 
python threads support enabled
your server socket listen backlog is limited to 100 connections
your mercy for graceful operations on workers is 60 seconds
mapped 1562828 bytes (1526 KB) for 10 cores
*** Operational MODE: threaded ***
*** no app loaded. going in full dynamic mode ***
uWSGI running as root, you can use --uid/--gid/--chroot options
*** WARNING: you are running uWSGI as root !!! (use the --uid flag) *** 
*** uWSGI is running in multiple interpreter mode ***
spawned uWSGI master process (pid: 26919)
spawned uWSGI worker 1 (pid: 26920, cores: 10)
--- no python application found, check your startup logs for errors ---
[pid: 26920|app: -1|req: -1/1] 120.224.66.44 () {48 vars in 759 bytes} [Tue Dec 14 17:54:05 2021] OPTIONS /login => generated 21 bytes in 0 msecs (HTTP/1.1 500) 2 headers in 83 bytes (0 switches on core 1)
--- no python application found, check your startup logs for errors ---
[pid: 26920|app: -1|req: -1/2] 120.224.66.44 () {48 vars in 759 bytes} [Tue Dec 14 17:54:08 2021] OPTIONS /login => generated 21 bytes in 0 msecs (HTTP/1.1 500) 2 headers in 83 bytes (0 switches on core 1)
SIGINT/SIGTERM received...killing workers...
worker 1 buried after 1 seconds
goodbye to uWSGI.
*** Starting uWSGI 2.0.20 (64bit) on [Tue Dec 14 17:59:38 2021] ***
compiled with version: 4.8.5 20150623 (Red Hat 4.8.5-44) on 13 December 2021 13:35:57
os: Linux-3.10.0-1160.11.1.el7.x86_64 #1 SMP Fri Dec 18 16:34:56 UTC 2020
nodename: VM-16-2-centos
machine: x86_64
clock source: unix
pcre jit disabled
detected number of CPU cores: 2
current working directory: /root/graph_flask
writing pidfile to uwsgi.pid
detected binary path: /root/.virtualenvs/py3-env/bin/uwsgi
uWSGI running as root, you can use --uid/--gid/--chroot options
*** WARNING: you are running uWSGI as root !!! (use the --uid flag) *** 
chdir() to /root/graph_flask
your processes number limit is 15066
your memory page size is 4096 bytes
detected max file descriptor number: 100001
lock engine: pthread robust mutexes
thunder lock: disabled (you can enable it with --thunder-lock)
uwsgi socket 0 bound to TCP address 0.0.0.0:8080 fd 3
uWSGI running as root, you can use --uid/--gid/--chroot options
*** WARNING: you are running uWSGI as root !!! (use the --uid flag) *** 
Python version: 3.6.8 (default, Nov 16 2020, 16:55:22)  [GCC 4.8.5 20150623 (Red Hat 4.8.5-44)]
Python main interpreter initialized at 0x24cff60
uWSGI running as root, you can use --uid/--gid/--chroot options
*** WARNING: you are running uWSGI as root !!! (use the --uid flag) *** 
python threads support enabled
your server socket listen backlog is limited to 100 connections
your mercy for graceful operations on workers is 60 seconds
mapped 1562828 bytes (1526 KB) for 10 cores
*** Operational MODE: threaded ***
unable to find "application" callable in file app.py
unable to load app 0 (mountpoint='') (callable not found or import error)
*** no app loaded. going in full dynamic mode ***
uWSGI running as root, you can use --uid/--gid/--chroot options
*** WARNING: you are running uWSGI as root !!! (use the --uid flag) *** 
*** uWSGI is running in multiple interpreter mode ***
spawned uWSGI master process (pid: 27974)
spawned uWSGI worker 1 (pid: 27976, cores: 10)
--- no python application found, check your startup logs for errors ---
[pid: 27976|app: -1|req: -1/1] 120.224.66.44 () {48 vars in 758 bytes} [Tue Dec 14 17:59:41 2021] OPTIONS /login => generated 21 bytes in 0 msecs (HTTP/1.1 500) 2 headers in 83 bytes (0 switches on core 0)
--- no python application found, check your startup logs for errors ---
[pid: 27976|app: -1|req: -1/2] 120.224.66.44 () {48 vars in 758 bytes} [Tue Dec 14 17:59:52 2021] OPTIONS /login => generated 21 bytes in 0 msecs (HTTP/1.1 500) 2 headers in 83 bytes (0 switches on core 1)
--- no python application found, check your startup logs for errors ---
[pid: 27976|app: -1|req: -1/3] 120.224.66.44 () {48 vars in 758 bytes} [Tue Dec 14 17:59:53 2021] OPTIONS /login => generated 21 bytes in 0 msecs (HTTP/1.1 500) 2 headers in 83 bytes (0 switches on core 3)
--- no python application found, check your startup logs for errors ---
[pid: 27976|app: -1|req: -1/4] 120.224.66.44 () {48 vars in 758 bytes} [Tue Dec 14 17:59:55 2021] OPTIONS /login => generated 21 bytes in 0 msecs (HTTP/1.1 500) 2 headers in 83 bytes (0 switches on core 2)
SIGINT/SIGTERM received...killing workers...
worker 1 buried after 1 seconds
goodbye to uWSGI.
*** Starting uWSGI 2.0.20 (64bit) on [Tue Dec 14 18:01:10 2021] ***
compiled with version: 4.8.5 20150623 (Red Hat 4.8.5-44) on 13 December 2021 13:35:57
os: Linux-3.10.0-1160.11.1.el7.x86_64 #1 SMP Fri Dec 18 16:34:56 UTC 2020
nodename: VM-16-2-centos
machine: x86_64
clock source: unix
pcre jit disabled
detected number of CPU cores: 2
current working directory: /root/graph_flask
writing pidfile to uwsgi.pid
detected binary path: /root/.virtualenvs/py3-env/bin/uwsgi
uWSGI running as root, you can use --uid/--gid/--chroot options
*** WARNING: you are running uWSGI as root !!! (use the --uid flag) *** 
chdir() to /root/graph_flask
your processes number limit is 15066
your memory page size is 4096 bytes
detected max file descriptor number: 100001
lock engine: pthread robust mutexes
thunder lock: disabled (you can enable it with --thunder-lock)
uwsgi socket 0 bound to TCP address 0.0.0.0:8080 fd 3
uWSGI running as root, you can use --uid/--gid/--chroot options
*** WARNING: you are running uWSGI as root !!! (use the --uid flag) *** 
Python version: 3.6.8 (default, Nov 16 2020, 16:55:22)  [GCC 4.8.5 20150623 (Red Hat 4.8.5-44)]
Python main interpreter initialized at 0x26b0fb0
uWSGI running as root, you can use --uid/--gid/--chroot options
*** WARNING: you are running uWSGI as root !!! (use the --uid flag) *** 
python threads support enabled
your server socket listen backlog is limited to 100 connections
your mercy for graceful operations on workers is 60 seconds
mapped 1562828 bytes (1526 KB) for 10 cores
*** Operational MODE: threaded ***
WSGI app 0 (mountpoint='') ready in 0 seconds on interpreter 0x26b0fb0 pid: 28348 (default app)
uWSGI running as root, you can use --uid/--gid/--chroot options
*** WARNING: you are running uWSGI as root !!! (use the --uid flag) *** 
*** uWSGI is running in multiple interpreter mode ***
spawned uWSGI master process (pid: 28348)
spawned uWSGI worker 1 (pid: 28355, cores: 10)
[pid: 28355|app: 0|req: 1/1] 120.224.66.44 () {48 vars in 759 bytes} [Tue Dec 14 18:01:12 2021] OPTIONS /login => generated 0 bytes in 3 msecs (HTTP/1.1 200) 7 headers in 297 bytes (0 switches on core 0)
2021-12-14 18:01:12,541 INFO sqlalchemy.engine.base.Engine SHOW VARIABLES LIKE 'sql_mode'
2021-12-14 18:01:12,541 INFO sqlalchemy.engine.base.Engine {}
2021-12-14 18:01:12,549 INFO sqlalchemy.engine.base.Engine SHOW VARIABLES LIKE 'lower_case_table_names'
2021-12-14 18:01:12,549 INFO sqlalchemy.engine.base.Engine {}
2021-12-14 18:01:12,560 INFO sqlalchemy.engine.base.Engine SELECT DATABASE()
2021-12-14 18:01:12,560 INFO sqlalchemy.engine.base.Engine {}
2021-12-14 18:01:12,570 INFO sqlalchemy.engine.base.Engine show collation where `Charset` = 'utf8mb4' and `Collation` = 'utf8mb4_bin'
2021-12-14 18:01:12,570 INFO sqlalchemy.engine.base.Engine {}
2021-12-14 18:01:12,577 INFO sqlalchemy.engine.base.Engine SELECT CAST('test plain returns' AS CHAR(60)) AS anon_1
2021-12-14 18:01:12,577 INFO sqlalchemy.engine.base.Engine {}
2021-12-14 18:01:12,582 INFO sqlalchemy.engine.base.Engine SELECT CAST('test unicode returns' AS CHAR(60)) AS anon_1
2021-12-14 18:01:12,582 INFO sqlalchemy.engine.base.Engine {}
2021-12-14 18:01:12,588 INFO sqlalchemy.engine.base.Engine SELECT CAST('test collated returns' AS CHAR CHARACTER SET utf8mb4) COLLATE utf8mb4_bin AS anon_1
2021-12-14 18:01:12,588 INFO sqlalchemy.engine.base.Engine {}
2021-12-14 18:01:12,598 INFO sqlalchemy.engine.base.Engine BEGIN (implicit)
2021-12-14 18:01:12,599 INFO sqlalchemy.engine.base.Engine SELECT user.id AS user_id, user.user_name AS user_user_name, user.password AS user_password 
FROM user 
WHERE user.user_name = %(user_name_1)s
2021-12-14 18:01:12,599 INFO sqlalchemy.engine.base.Engine {'user_name_1': 'admin'}
2021-12-14 18:01:12,606 INFO sqlalchemy.engine.base.Engine ROLLBACK
[pid: 28355|app: 0|req: 2/2] 120.224.66.44 () {46 vars in 746 bytes} [Tue Dec 14 18:01:12 2021] POST /login => generated 364 bytes in 123 msecs (HTTP/1.1 200) 4 headers in 138 bytes (1 switches on core 3)
[pid: 28355|app: 0|req: 3/3] 120.224.66.44 () {48 vars in 767 bytes} [Tue Dec 14 18:03:39 2021] OPTIONS /api/login => generated 232 bytes in 1 msecs (HTTP/1.1 404) 6 headers in 273 bytes (1 switches on core 2)
[pid: 28355|app: 0|req: 4/4] 120.224.66.44 () {48 vars in 767 bytes} [Tue Dec 14 18:03:43 2021] OPTIONS /api/login => generated 232 bytes in 0 msecs (HTTP/1.1 404) 6 headers in 273 bytes (1 switches on core 1)
[pid: 28355|app: 0|req: 5/5] 120.224.66.44 () {48 vars in 767 bytes} [Tue Dec 14 18:04:08 2021] OPTIONS /api/login => generated 232 bytes in 0 msecs (HTTP/1.1 404) 6 headers in 273 bytes (1 switches on core 4)
[pid: 28355|app: 0|req: 6/6] 120.224.66.44 () {48 vars in 767 bytes} [Tue Dec 14 18:05:51 2021] OPTIONS /api/login => generated 232 bytes in 0 msecs (HTTP/1.1 404) 6 headers in 273 bytes (1 switches on core 5)
[pid: 28355|app: 0|req: 7/7] 120.224.66.44 () {48 vars in 767 bytes} [Tue Dec 14 18:06:22 2021] OPTIONS /api/login => generated 232 bytes in 0 msecs (HTTP/1.1 404) 6 headers in 273 bytes (1 switches on core 6)
[pid: 28355|app: 0|req: 8/8] 120.224.66.44 () {48 vars in 767 bytes} [Tue Dec 14 18:06:24 2021] OPTIONS /api/login => generated 232 bytes in 0 msecs (HTTP/1.1 404) 6 headers in 273 bytes (1 switches on core 7)
[pid: 28355|app: 0|req: 9/9] 120.224.66.44 () {48 vars in 767 bytes} [Tue Dec 14 18:06:24 2021] OPTIONS /api/login => generated 232 bytes in 0 msecs (HTTP/1.1 404) 6 headers in 273 bytes (1 switches on core 8)
[pid: 28355|app: 0|req: 10/10] 120.224.66.44 () {48 vars in 767 bytes} [Tue Dec 14 18:06:35 2021] OPTIONS /api/login => generated 232 bytes in 1 msecs (HTTP/1.1 404) 6 headers in 273 bytes (1 switches on core 9)
[pid: 28355|app: 0|req: 11/11] 120.224.66.44 () {48 vars in 767 bytes} [Tue Dec 14 18:06:42 2021] OPTIONS /api/login => generated 232 bytes in 0 msecs (HTTP/1.1 404) 6 headers in 273 bytes (1 switches on core 0)
[pid: 28355|app: 0|req: 12/12] 120.224.66.44 () {48 vars in 759 bytes} [Tue Dec 14 18:07:21 2021] OPTIONS /login => generated 0 bytes in 0 msecs (HTTP/1.1 200) 7 headers in 297 bytes (0 switches on core 3)
2021-12-14 18:07:21,912 INFO sqlalchemy.engine.base.Engine BEGIN (implicit)
2021-12-14 18:07:21,912 INFO sqlalchemy.engine.base.Engine SELECT user.id AS user_id, user.user_name AS user_user_name, user.password AS user_password 
FROM user 
WHERE user.user_name = %(user_name_1)s
2021-12-14 18:07:21,913 INFO sqlalchemy.engine.base.Engine {'user_name_1': 'admin'}
2021-12-14 18:07:21,919 INFO sqlalchemy.engine.base.Engine ROLLBACK
[pid: 28355|app: 0|req: 13/13] 120.224.66.44 () {46 vars in 746 bytes} [Tue Dec 14 18:07:21 2021] POST /login => generated 364 bytes in 13 msecs (HTTP/1.1 200) 4 headers in 138 bytes (1 switches on core 2)
